[2017.12.26 23:29:14.388] INFO <RequestInterceptor> [SUCCESS CONTROLLER preHandle] /mvc/ sample.customer.web.controller.CustomerListController.home
[2017.12.26 23:29:14.417] INFO <CustomerListController> greeting
[2017.12.26 23:29:14.424] INFO <RequestInterceptor> [SUCCESS CONTROLLER postHandle] /mvc/ sample.customer.web.controller.CustomerListController.home
[2017.12.26 23:29:14.435] INFO <RequestInterceptor> [SUCCESS CONTROLLER preHandle] /mvc/customer sample.customer.web.controller.CustomerListController.showAllCustomers
[2017.12.26 23:29:14.469] INFO <RequestInterceptor> [SUCCESS CONTROLLER postHandle] /mvc/customer sample.customer.web.controller.CustomerListController.showAllCustomers
[2017.12.26 23:29:14.782] INFO <RequestInterceptor> [SUCCESS CONTROLLER afterCompletion] /mvc/customer sample.customer.web.controller.CustomerListController.showAllCustomers
[2017.12.26 23:29:14.784] INFO <RequestInterceptor> [SUCCESS CONTROLLER afterCompletion] /mvc/ sample.customer.web.controller.CustomerListController.home
[2017.12.26 23:45:23.198] INFO <RequestInterceptor> [SUCCESS CONTROLLER preHandle] /mvc/ sample.customer.web.controller.CustomerListController.home
[2017.12.26 23:45:23.232] INFO <CustomerListController> greeting
[2017.12.26 23:45:23.238] INFO <RequestInterceptor> [SUCCESS CONTROLLER postHandle] /mvc/ sample.customer.web.controller.CustomerListController.home
[2017.12.26 23:45:23.246] INFO <RequestInterceptor> [SUCCESS CONTROLLER preHandle] /mvc/customer sample.customer.web.controller.CustomerListController.showAllCustomers
[2017.12.26 23:45:23.270] INFO <RequestInterceptor> [SUCCESS CONTROLLER postHandle] /mvc/customer sample.customer.web.controller.CustomerListController.showAllCustomers
[2017.12.26 23:45:23.498] INFO <RequestInterceptor> [SUCCESS CONTROLLER afterCompletion] /mvc/customer sample.customer.web.controller.CustomerListController.showAllCustomers
[2017.12.26 23:45:23.500] INFO <RequestInterceptor> [SUCCESS CONTROLLER afterCompletion] /mvc/ sample.customer.web.controller.CustomerListController.home
[2017.12.26 23:47:23.362] INFO <RequestInterceptor> [SUCCESS CONTROLLER preHandle] /mvc/ sample.customer.web.controller.CustomerListController.home
[2017.12.26 23:47:23.383] INFO <CustomerListController> greeting
[2017.12.26 23:47:23.388] INFO <RequestInterceptor> [SUCCESS CONTROLLER postHandle] /mvc/ sample.customer.web.controller.CustomerListController.home
[2017.12.26 23:47:23.396] INFO <RequestInterceptor> [SUCCESS CONTROLLER preHandle] /mvc/customer sample.customer.web.controller.CustomerListController.showAllCustomers
[2017.12.26 23:47:23.413] INFO <RequestInterceptor> [SUCCESS CONTROLLER postHandle] /mvc/customer sample.customer.web.controller.CustomerListController.showAllCustomers
[2017.12.26 23:47:23.613] INFO <RequestInterceptor> [SUCCESS CONTROLLER afterCompletion] /mvc/customer sample.customer.web.controller.CustomerListController.showAllCustomers
[2017.12.26 23:47:23.615] INFO <RequestInterceptor> [SUCCESS CONTROLLER afterCompletion] /mvc/ sample.customer.web.controller.CustomerListController.home
