16 1 2018 23:09:12: [SUCCESS CONTROLLER preHandle] /mvc/uploadForm sample.customer.web.controller.CustomerListController.uploadForm
16 1 2018 23:09:12: before Args:{}
16 1 2018 23:09:14: after
16 1 2018 23:09:14: [SUCCESS CONTROLLER postHandle] /mvc/uploadForm sample.customer.web.controller.CustomerListController.uploadForm
16 1 2018 23:09:14: [SUCCESS CONTROLLER afterCompletion] /mvc/uploadForm sample.customer.web.controller.CustomerListController.uploadForm
16 1 2018 23:09:53: [SUCCESS CONTROLLER preHandle] /mvc/uploadRecv sample.customer.web.controller.CustomerListController.uploadRecv
16 1 2018 23:09:55: [SUCCESS CONTROLLER afterCompletion] /mvc/uploadRecv sample.customer.web.controller.CustomerListController.uploadRecv
16 1 2018 23:12:29: [SUCCESS CONTROLLER preHandle] /mvc/ sample.customer.web.controller.CustomerListController.home
16 1 2018 23:12:29: before Args:org.apache.catalina.session.StandardSessionFacade@4b1bddd6
16 1 2018 23:12:32: greeting def
16 1 2018 23:12:32,438: greeting MARKER1
16 1 2018: greeting MARKER2
16 1 2018 23:12:33: greeting def
16 1 2018 23:12:33,438: greeting MARKER1
16 1 2018: greeting MARKER2
16 1 2018 23:12:33: after
16 1 2018 23:12:33: [SUCCESS CONTROLLER postHandle] /mvc/ sample.customer.web.controller.CustomerListController.home
16 1 2018 23:12:34: [SUCCESS CONTROLLER preHandle] /mvc/customer sample.customer.web.controller.CustomerListController.showAllCustomers
16 1 2018 23:12:34: before Args:{}
16 1 2018 23:12:34: after
16 1 2018 23:12:34: [SUCCESS CONTROLLER postHandle] /mvc/customer sample.customer.web.controller.CustomerListController.showAllCustomers
16 1 2018 23:12:34: [SUCCESS CONTROLLER afterCompletion] /mvc/customer sample.customer.web.controller.CustomerListController.showAllCustomers
16 1 2018 23:12:34: [SUCCESS CONTROLLER afterCompletion] /mvc/ sample.customer.web.controller.CustomerListController.home
16 1 2018 23:12:53: [SUCCESS CONTROLLER preHandle] /mvc/uploadForm sample.customer.web.controller.CustomerListController.uploadForm
16 1 2018 23:12:53: before Args:{}
16 1 2018 23:12:56: after
16 1 2018 23:12:56: [SUCCESS CONTROLLER postHandle] /mvc/uploadForm sample.customer.web.controller.CustomerListController.uploadForm
16 1 2018 23:12:56: [SUCCESS CONTROLLER afterCompletion] /mvc/uploadForm sample.customer.web.controller.CustomerListController.uploadForm
16 1 2018 23:13:27: [SUCCESS CONTROLLER preHandle] /mvc/uploadRecv sample.customer.web.controller.CustomerListController.uploadRecv
16 1 2018 23:13:40: before Args:null
16 1 2018 23:14:24: [SUCCESS CONTROLLER afterCompletion] /mvc/uploadRecv sample.customer.web.controller.CustomerListController.uploadRecv
